<?xml version="1.0" encoding="UTF-8"?>
<!-- Generated by org.testng.reporters.JUnitXMLReporter -->
<testsuite hostname="APL-GD2G763" name="Default test" tests="17" failures="0" timestamp="18 Feb 2021 09:02:04 GMT" time="28.617" errors="0">
  <testcase name="@BeforeTest setup" time="0.0" classname="com.wipro.L2POM.testCases.AdditionalImageTest">
    <failure type="org.openqa.selenium.WebDriverException" message="unknown error: cannot determine loading status
from disconnected: received Inspector.detached event
  (Session info: MicrosoftEdge=88.0.705.68)
Build info: version: &amp;apos;3.141.59&amp;apos;, revision: &amp;apos;e82be7d358&amp;apos;, time: &amp;apos;2018-11-14T08:17:03&amp;apos;
System info: host: &amp;apos;APL-GD2G763&amp;apos;, ip: &amp;apos;10.218.40.207&amp;apos;, os.name: &amp;apos;Windows 10&amp;apos;, os.arch: &amp;apos;amd64&amp;apos;, os.version: &amp;apos;10.0&amp;apos;, java.version: &amp;apos;1.8.0_281&amp;apos;
Driver info: org.openqa.selenium.edge.EdgeDriver
Capabilities {acceptInsecureCerts: false, browserName: msedge, browserVersion: 88.0.705.68, javascriptEnabled: true, ms:edgeOptions: {debuggerAddress: localhost:55621}, msedge: {msedgedriverVersion: 88.0.705.56 (0ede197168de54..., userDataDir: C:\Users\SH4006~1\AppData\L...}, networkConnectionEnabled: false, pageLoadStrategy: normal, platform: WINDOWS, platformName: WINDOWS, proxy: Proxy(), setWindowRect: true, strictFileInteractability: false, timeouts: {implicit: 0, pageLoad: 300000, script: 30000}, unhandledPromptBehavior: dismiss and notify, webauthn:extension:largeBlob: true, webauthn:virtualAuthenticators: true}
Session ID: c7d3951237fdea06e78533a1382067f7">
      <![CDATA[org.openqa.selenium.WebDriverException: unknown error: cannot determine loading status
from disconnected: received Inspector.detached event
  (Session info: MicrosoftEdge=88.0.705.68)
Build info: version: '3.141.59', revision: 'e82be7d358', time: '2018-11-14T08:17:03'
System info: host: 'APL-GD2G763', ip: '10.218.40.207', os.name: 'Windows 10', os.arch: 'amd64', os.version: '10.0', java.version: '1.8.0_281'
Driver info: org.openqa.selenium.edge.EdgeDriver
Capabilities {acceptInsecureCerts: false, browserName: msedge, browserVersion: 88.0.705.68, javascriptEnabled: true, ms:edgeOptions: {debuggerAddress: localhost:55621}, msedge: {msedgedriverVersion: 88.0.705.56 (0ede197168de54..., userDataDir: C:\Users\SH4006~1\AppData\L...}, networkConnectionEnabled: false, pageLoadStrategy: normal, platform: WINDOWS, platformName: WINDOWS, proxy: Proxy(), setWindowRect: true, strictFileInteractability: false, timeouts: {implicit: 0, pageLoad: 300000, script: 30000}, unhandledPromptBehavior: dismiss and notify, webauthn:extension:largeBlob: true, webauthn:virtualAuthenticators: true}
Session ID: c7d3951237fdea06e78533a1382067f7
	at sun.reflect.NativeConstructorAccessorImpl.newInstance0(Native Method)
	at sun.reflect.NativeConstructorAccessorImpl.newInstance(Unknown Source)
	at sun.reflect.DelegatingConstructorAccessorImpl.newInstance(Unknown Source)
	at java.lang.reflect.Constructor.newInstance(Unknown Source)
	at org.openqa.selenium.remote.http.W3CHttpResponseCodec.createException(W3CHttpResponseCodec.java:187)
	at org.openqa.selenium.remote.http.W3CHttpResponseCodec.decode(W3CHttpResponseCodec.java:122)
	at org.openqa.selenium.remote.http.W3CHttpResponseCodec.decode(W3CHttpResponseCodec.java:49)
	at org.openqa.selenium.remote.HttpCommandExecutor.execute(HttpCommandExecutor.java:158)
	at org.openqa.selenium.remote.service.DriverCommandExecutor.execute(DriverCommandExecutor.java:83)
	at org.openqa.selenium.remote.RemoteWebDriver.execute(RemoteWebDriver.java:552)
	at org.openqa.selenium.remote.RemoteWebDriver.get(RemoteWebDriver.java:277)
	at com.wipro.L2POM.testCases.EmptyCartTest.setup(EmptyCartTest.java:34)
	at sun.reflect.NativeMethodAccessorImpl.invoke0(Native Method)
	at sun.reflect.NativeMethodAccessorImpl.invoke(Unknown Source)
	at sun.reflect.DelegatingMethodAccessorImpl.invoke(Unknown Source)
	at java.lang.reflect.Method.invoke(Unknown Source)
	at org.testng.internal.MethodInvocationHelper.invokeMethod(MethodInvocationHelper.java:80)
	at org.testng.internal.Invoker.invokeConfigurationMethod(Invoker.java:564)
	at org.testng.internal.Invoker.invokeConfigurations(Invoker.java:213)
	at org.testng.internal.Invoker.invokeConfigurations(Invoker.java:138)
	at org.testng.TestRunner.beforeRun(TestRunner.java:641)
	at org.testng.TestRunner.run(TestRunner.java:609)
	at org.testng.SuiteRunner.runTest(SuiteRunner.java:334)
	at org.testng.SuiteRunner.runSequentially(SuiteRunner.java:329)
	at org.testng.SuiteRunner.privateRun(SuiteRunner.java:291)
	at org.testng.SuiteRunner.run(SuiteRunner.java:240)
	at org.testng.SuiteRunnerWorker.runSuite(SuiteRunnerWorker.java:52)
	at org.testng.SuiteRunnerWorker.run(SuiteRunnerWorker.java:86)
	at org.testng.TestNG.runSuitesSequentially(TestNG.java:1198)
	at org.testng.TestNG.runSuitesLocally(TestNG.java:1123)
	at org.testng.TestNG.run(TestNG.java:1031)
	at org.testng.remote.AbstractRemoteTestNG.run(AbstractRemoteTestNG.java:114)
	at org.testng.remote.RemoteTestNG.initAndRun(RemoteTestNG.java:251)
	at org.testng.remote.RemoteTestNG.main(RemoteTestNG.java:77)
]]>
    </failure>
  </testcase> <!-- @BeforeTest setup -->
  <testcase name="@BeforeTest setup" time="0.0" classname="com.wipro.L2POM.testCases.AdditionalImageTest">
    <skipped/>
  </testcase> <!-- @BeforeTest setup -->
  <testcase name="@BeforeTest setup" time="0.0" classname="com.wipro.L2POM.testCases.AdditionalImageTest">
    <skipped/>
  </testcase> <!-- @BeforeTest setup -->
  <testcase name="@BeforeTest setup" time="0.0" classname="com.wipro.L2POM.testCases.AdditionalImageTest">
    <skipped/>
  </testcase> <!-- @BeforeTest setup -->
  <testcase name="@AfterTest tearDown" time="0.0" classname="com.wipro.L2POM.testCases.AdditionalImageTest">
    <skipped/>
  </testcase> <!-- @AfterTest tearDown -->
  <testcase name="@AfterTest tearDown" time="0.0" classname="com.wipro.L2POM.testCases.AdditionalImageTest">
    <skipped/>
  </testcase> <!-- @AfterTest tearDown -->
  <testcase name="@AfterTest tearDown" time="0.0" classname="com.wipro.L2POM.testCases.AdditionalImageTest">
    <skipped/>
  </testcase> <!-- @AfterTest tearDown -->
  <testcase name="@AfterTest tearDown" time="0.0" classname="com.wipro.L2POM.testCases.AdditionalImageTest">
    <skipped/>
  </testcase> <!-- @AfterTest tearDown -->
  <testcase name="@AfterTest tearDown" time="0.0" classname="com.wipro.L2POM.testCases.AdditionalImageTest">
    <skipped/>
  </testcase> <!-- @AfterTest tearDown -->
  <testcase name="@AfterTest tearDown" time="0.0" classname="com.wipro.L2POM.testCases.AdditionalImageTest">
    <skipped/>
  </testcase> <!-- @AfterTest tearDown -->
  <testcase name="@AfterTest tearDown" time="0.0" classname="com.wipro.L2POM.testCases.AdditionalImageTest">
    <skipped/>
  </testcase> <!-- @AfterTest tearDown -->
  <testcase name="@AfterTest tearDown" time="0.0" classname="com.wipro.L2POM.testCases.AdditionalImageTest">
    <skipped/>
  </testcase> <!-- @AfterTest tearDown -->
  <testcase name="validateLogin" time="0.008" classname="com.wipro.L2POM.testCases.LoginTest">
    <skipped/>
  </testcase> <!-- validateLogin -->
  <testcase name="validateLogin" time="0.0" classname="com.wipro.L2POM.testCases.LoginTest">
    <skipped/>
  </testcase> <!-- validateLogin -->
  <testcase name="validateLogout" time="0.008" classname="com.wipro.L2POM.testCases.LoginTest">
    <skipped/>
  </testcase> <!-- validateLogout -->
  <testcase name="additionalImageTesting" time="0.0" classname="com.wipro.L2POM.testCases.AdditionalImageTest">
    <skipped/>
  </testcase> <!-- additionalImageTesting -->
  <testcase name="editingMobileTesting" time="0.0" classname="com.wipro.L2POM.testCases.EditInformationTest">
    <skipped/>
  </testcase> <!-- editingMobileTesting -->
  <testcase name="removeItem" time="0.008" classname="com.wipro.L2POM.testCases.RemoveProductTest">
    <skipped/>
  </testcase> <!-- removeItem -->
  <testcase name="removeItem" time="0.0" classname="com.wipro.L2POM.testCases.RemoveProductTest">
    <skipped/>
  </testcase> <!-- removeItem -->
  <testcase name="removeItem" time="0.0" classname="com.wipro.L2POM.testCases.RemoveProductTest">
    <skipped/>
  </testcase> <!-- removeItem -->
  <testcase name="shopingTest" time="0.0" classname="com.wipro.L2POM.testCases.CategoryTest">
    <skipped/>
  </testcase> <!-- shopingTest -->
  <testcase name="shopingTest" time="0.0" classname="com.wipro.L2POM.testCases.CategoryTest">
    <skipped/>
  </testcase> <!-- shopingTest -->
  <testcase name="shopingTest" time="0.0" classname="com.wipro.L2POM.testCases.CategoryTest">
    <skipped/>
  </testcase> <!-- shopingTest -->
  <testcase name="shopingTest" time="0.0" classname="com.wipro.L2POM.testCases.E2ETest">
    <skipped/>
  </testcase> <!-- shopingTest -->
  <testcase name="shopingTest" time="0.0" classname="com.wipro.L2POM.testCases.E2ETest">
    <skipped/>
  </testcase> <!-- shopingTest -->
  <testcase name="shopingTest" time="0.0" classname="com.wipro.L2POM.testCases.E2ETest">
    <skipped/>
  </testcase> <!-- shopingTest -->
  <testcase name="shopingTest" time="0.0" classname="com.wipro.L2POM.testCases.E2ETest">
    <skipped/>
  </testcase> <!-- shopingTest -->
  <testcase name="shortTest" time="0.0" classname="com.wipro.L2POM.testCases.SortObjectTest">
    <skipped/>
  </testcase> <!-- shortTest -->
  <testcase name="emptyCartTest" time="0.008" classname="com.wipro.L2POM.testCases.EmptyCartTest">
    <skipped/>
  </testcase> <!-- emptyCartTest -->
</testsuite> <!-- Default test -->
